<?xml version="1.0" encoding="UTF-8"?>
<testng-results skipped="0" failed="1" total="2" passed="1">
  <reporter-output>
    <line>
      <![CDATA[<a target="_blank" href="screenshots/02-Dec-2016__11_10_19PM.png">Screenshot Captured</a>]]>
    </line>
    <line>
      <![CDATA[<br><a  target='_blank' href="screenshots/02-Dec-2016__11_10_19PM.png" ><img height=200, width=200, src="screenshots/02-Dec-2016__11_10_19PM.png" alt=""/></img></a>]]>
    </line>
  </reporter-output>
  <suite name="Page Object Model with PageFactory" duration-ms="10505" started-at="2016-12-02T17:40:12Z" finished-at="2016-12-02T17:40:23Z">
    <groups>
    </groups>
    <test name="Login With Email" duration-ms="10505" started-at="2016-12-02T17:40:12Z" finished-at="2016-12-02T17:40:23Z">
      <class name="testcases.care.CareLoginTest">
        <test-method status="PASS" signature="setUp()[pri:0, instance:testcases.care.CareLoginTest@3a6bb9bf]" name="setUp" is-config="true" duration-ms="14132" started-at="2016-12-02T23:09:58Z" finished-at="2016-12-02T23:10:12Z">
          <reporter-output>
          </reporter-output>
        </test-method> <!-- setUp -->
        <test-method status="PASS" signature="init()[pri:0, instance:testcases.care.CareLoginTest@3a6bb9bf]" name="init" is-config="true" duration-ms="239" started-at="2016-12-02T23:10:12Z" finished-at="2016-12-02T23:10:13Z">
          <reporter-output>
          </reporter-output>
        </test-method> <!-- init -->
        <test-method status="FAIL" signature="validateButtons()[pri:1, instance:testcases.care.CareLoginTest@3a6bb9bf]" name="validateButtons" duration-ms="2257" started-at="2016-12-02T23:10:13Z" finished-at="2016-12-02T23:10:15Z">
          <exception class="java.lang.AssertionError">
            <message>
              <![CDATA[expected [3] but found [4]]]>
            </message>
            <full-stacktrace>
              <![CDATA[java.lang.AssertionError: expected [3] but found [4]
	at org.testng.Assert.fail(Assert.java:94)
	at org.testng.Assert.failNotEquals(Assert.java:513)
	at org.testng.Assert.assertEqualsImpl(Assert.java:135)
	at org.testng.Assert.assertEquals(Assert.java:116)
	at org.testng.Assert.assertEquals(Assert.java:389)
	at org.testng.Assert.assertEquals(Assert.java:399)
	at testcases.care.CareLoginTest.validateButtons(CareLoginTest.java:31)
	at sun.reflect.NativeMethodAccessorImpl.invoke0(Native Method)
	at sun.reflect.NativeMethodAccessorImpl.invoke(NativeMethodAccessorImpl.java:62)
	at sun.reflect.DelegatingMethodAccessorImpl.invoke(DelegatingMethodAccessorImpl.java:43)
	at java.lang.reflect.Method.invoke(Method.java:498)
	at org.testng.internal.MethodInvocationHelper.invokeMethod(MethodInvocationHelper.java:100)
	at org.testng.internal.Invoker.invokeMethod(Invoker.java:646)
	at org.testng.internal.Invoker.invokeTestMethod(Invoker.java:811)
	at org.testng.internal.Invoker.invokeTestMethods(Invoker.java:1137)
	at org.testng.internal.TestMethodWorker.invokeTestMethods(TestMethodWorker.java:129)
	at org.testng.internal.TestMethodWorker.run(TestMethodWorker.java:112)
	at org.testng.TestRunner.privateRun(TestRunner.java:753)
	at org.testng.TestRunner.run(TestRunner.java:607)
	at org.testng.SuiteRunner.runTest(SuiteRunner.java:368)
	at org.testng.SuiteRunner.runSequentially(SuiteRunner.java:363)
	at org.testng.SuiteRunner.privateRun(SuiteRunner.java:321)
	at org.testng.SuiteRunner.run(SuiteRunner.java:270)
	at org.testng.SuiteRunnerWorker.runSuite(SuiteRunnerWorker.java:52)
	at org.testng.SuiteRunnerWorker.run(SuiteRunnerWorker.java:86)
	at org.testng.TestNG.runSuitesSequentially(TestNG.java:1284)
	at org.testng.TestNG.runSuitesLocally(TestNG.java:1209)
	at org.testng.TestNG.runSuites(TestNG.java:1124)
	at org.testng.TestNG.run(TestNG.java:1096)
	at org.testng.remote.AbstractRemoteTestNG.run(AbstractRemoteTestNG.java:126)
	at org.testng.remote.RemoteTestNG.initAndRun(RemoteTestNG.java:137)
	at org.testng.remote.RemoteTestNG.main(RemoteTestNG.java:58)
]]>
            </full-stacktrace>
          </exception> <!-- java.lang.AssertionError -->
          <reporter-output>
            <line>
              <![CDATA[<a target="_blank" href="screenshots/02-Dec-2016__11_10_19PM.png">Screenshot Captured</a>]]>
            </line>
            <line>
              <![CDATA[<br><a  target='_blank' href="screenshots/02-Dec-2016__11_10_19PM.png" ><img height=200, width=200, src="screenshots/02-Dec-2016__11_10_19PM.png" alt=""/></img></a>]]>
            </line>
          </reporter-output>
        </test-method> <!-- validateButtons -->
        <test-method status="PASS" signature="signUpEmailandSelectACareGiver(java.lang.String)[pri:2, instance:testcases.care.CareLoginTest@3a6bb9bf]" name="signUpEmailandSelectACareGiver" duration-ms="3549" started-at="2016-12-02T23:10:19Z" data-provider="getData" finished-at="2016-12-02T23:10:23Z">
          <params>
            <param index="0">
              <value>
                <![CDATA[I AM LOOKING FOR]]>
              </value>
            </param>
          </params>
          <reporter-output>
          </reporter-output>
        </test-method> <!-- signUpEmailandSelectACareGiver -->
        <test-method status="PASS" signature="tearDown()[pri:0, instance:testcases.care.CareLoginTest@3a6bb9bf]" name="tearDown" is-config="true" duration-ms="4513" started-at="2016-12-02T23:10:23Z" finished-at="2016-12-02T23:10:27Z">
          <reporter-output>
          </reporter-output>
        </test-method> <!-- tearDown -->
      </class> <!-- testcases.care.CareLoginTest -->
    </test> <!-- Login With Email -->
  </suite> <!-- Page Object Model with PageFactory -->
</testng-results>
